2025-05-29 10:49:37 - INFO - Starting TCP Client...
2025-05-29 10:49:37 - DEBUG - Pygame mixer initialized
2025-05-29 10:49:37 - DEBUG - Using proactor: IocpProactor
2025-05-29 10:49:37 - DEBUG - Starting new HTTPS connection (1): huggingface.co:443
2025-05-29 10:49:37 - DEBUG - Using proactor: IocpProactor
2025-05-29 10:49:37 - DEBUG - connect_tcp.started host='api.gradio.app' port=443 local_address=None timeout=3 socket_options=None
2025-05-29 10:49:38 - DEBUG - connect_tcp.complete return_value=<httpcore._backends.sync.SyncStream object at 0x0000020EC5D49A00>
2025-05-29 10:49:38 - DEBUG - start_tls.started ssl_context=<ssl.SSLContext object at 0x0000020EC5A54150> server_hostname='api.gradio.app' timeout=3
2025-05-29 10:49:38 - DEBUG - connect_tcp.started host='127.0.0.1' port=7860 local_address=None timeout=None socket_options=None
2025-05-29 10:49:38 - DEBUG - connect_tcp.complete return_value=<httpcore._backends.sync.SyncStream object at 0x0000020EC5E7ADE0>
2025-05-29 10:49:38 - DEBUG - send_request_headers.started request=<Request [b'GET']>
2025-05-29 10:49:38 - DEBUG - send_request_headers.complete
2025-05-29 10:49:38 - DEBUG - send_request_body.started request=<Request [b'GET']>
2025-05-29 10:49:38 - DEBUG - send_request_body.complete
2025-05-29 10:49:38 - DEBUG - https://huggingface.co:443 "HEAD /api/telemetry/gradio/initiated HTTP/1.1" 200 0
2025-05-29 10:49:38 - DEBUG - receive_response_headers.started request=<Request [b'GET']>
2025-05-29 10:49:38 - DEBUG - receive_response_headers.complete return_value=(b'HTTP/1.1', 200, b'OK', [(b'date', b'Thu, 29 May 2025 09:49:37 GMT'), (b'server', b'uvicorn'), (b'content-length', b'4'), (b'content-type', b'application/json')])
2025-05-29 10:49:38 - INFO - HTTP Request: GET http://127.0.0.1:7860/gradio_api/startup-events "HTTP/1.1 200 OK"
2025-05-29 10:49:38 - DEBUG - receive_response_body.started request=<Request [b'GET']>
2025-05-29 10:49:38 - DEBUG - receive_response_body.complete
2025-05-29 10:49:38 - DEBUG - response_closed.started
2025-05-29 10:49:38 - DEBUG - response_closed.complete
2025-05-29 10:49:38 - DEBUG - close.started
2025-05-29 10:49:38 - DEBUG - close.complete
2025-05-29 10:49:38 - DEBUG - connect_tcp.started host='127.0.0.1' port=7860 local_address=None timeout=3 socket_options=None
2025-05-29 10:49:38 - DEBUG - connect_tcp.complete return_value=<httpcore._backends.sync.SyncStream object at 0x0000020EC5E7B7D0>
2025-05-29 10:49:38 - DEBUG - send_request_headers.started request=<Request [b'HEAD']>
2025-05-29 10:49:38 - DEBUG - send_request_headers.complete
2025-05-29 10:49:38 - DEBUG - send_request_body.started request=<Request [b'HEAD']>
2025-05-29 10:49:38 - DEBUG - send_request_body.complete
2025-05-29 10:49:38 - DEBUG - receive_response_headers.started request=<Request [b'HEAD']>
2025-05-29 10:49:38 - DEBUG - receive_response_headers.complete return_value=(b'HTTP/1.1', 200, b'OK', [(b'date', b'Thu, 29 May 2025 09:49:37 GMT'), (b'server', b'uvicorn'), (b'content-length', b'17001'), (b'content-type', b'text/html; charset=utf-8')])
2025-05-29 10:49:38 - INFO - HTTP Request: HEAD http://127.0.0.1:7860/ "HTTP/1.1 200 OK"
2025-05-29 10:49:38 - DEBUG - receive_response_body.started request=<Request [b'HEAD']>
2025-05-29 10:49:38 - DEBUG - receive_response_body.complete
2025-05-29 10:49:38 - DEBUG - response_closed.started
2025-05-29 10:49:38 - DEBUG - response_closed.complete
2025-05-29 10:49:38 - DEBUG - close.started
2025-05-29 10:49:38 - DEBUG - close.complete
2025-05-29 10:49:38 - DEBUG - Starting new HTTPS connection (1): huggingface.co:443
2025-05-29 10:49:38 - DEBUG - start_tls.complete return_value=<httpcore._backends.sync.SyncStream object at 0x0000020EC5E09550>
2025-05-29 10:49:38 - DEBUG - send_request_headers.started request=<Request [b'GET']>
2025-05-29 10:49:38 - DEBUG - send_request_headers.complete
2025-05-29 10:49:38 - DEBUG - send_request_body.started request=<Request [b'GET']>
2025-05-29 10:49:38 - DEBUG - send_request_body.complete
2025-05-29 10:49:38 - DEBUG - receive_response_headers.started request=<Request [b'GET']>
2025-05-29 10:49:38 - DEBUG - https://huggingface.co:443 "HEAD /api/telemetry/gradio/launched HTTP/1.1" 200 0
2025-05-29 10:49:38 - DEBUG - receive_response_headers.complete return_value=(b'HTTP/1.1', 200, b'OK', [(b'Date', b'Thu, 29 May 2025 09:49:34 GMT'), (b'Content-Type', b'application/json'), (b'Content-Length', b'21'), (b'Connection', b'keep-alive'), (b'Server', b'nginx/1.18.0'), (b'Access-Control-Allow-Origin', b'*')])
2025-05-29 10:49:38 - INFO - HTTP Request: GET https://api.gradio.app/pkg-version "HTTP/1.1 200 OK"
2025-05-29 10:49:38 - DEBUG - receive_response_body.started request=<Request [b'GET']>
2025-05-29 10:49:38 - DEBUG - receive_response_body.complete
2025-05-29 10:49:38 - DEBUG - response_closed.started
2025-05-29 10:49:38 - DEBUG - response_closed.complete
2025-05-29 10:49:38 - DEBUG - close.started
2025-05-29 10:49:38 - DEBUG - close.complete
